2023-06-19 15:21:04,708 INFO Starting Nacos v1.1.4 on hh with PID 56552 (C:\Applications\JavaProject\cloud2023\nacos\target\nacos-server.jar started by Administrator in C:\Applications\JavaProject\cloud2023\nacos\bin)

2023-06-19 15:21:04,709 INFO The following profiles are active: standalone

2023-06-19 15:21:05,669 INFO Bean 'org.springframework.security.config.annotation.configuration.ObjectPostProcessorConfiguration' of type [org.springframework.security.config.annotation.configuration.ObjectPostProcessorConfiguration$$EnhancerBySpringCGLIB$$ca07160d] is not eligible for getting processed by all BeanPostProcessors (for example: not eligible for auto-proxying)

2023-06-19 15:21:05,711 INFO Bean 'objectPostProcessor' of type [org.springframework.security.config.annotation.configuration.AutowireBeanFactoryObjectPostProcessor] is not eligible for getting processed by all BeanPostProcessors (for example: not eligible for auto-proxying)

2023-06-19 15:21:05,712 INFO Bean 'org.springframework.security.access.expression.method.DefaultMethodSecurityExpressionHandler@548a24a' of type [org.springframework.security.access.expression.method.DefaultMethodSecurityExpressionHandler] is not eligible for getting processed by all BeanPostProcessors (for example: not eligible for auto-proxying)

2023-06-19 15:21:05,713 INFO Bean 'org.springframework.security.config.annotation.method.configuration.GlobalMethodSecurityConfiguration' of type [org.springframework.security.config.annotation.method.configuration.GlobalMethodSecurityConfiguration$$EnhancerBySpringCGLIB$$eedbb8bf] is not eligible for getting processed by all BeanPostProcessors (for example: not eligible for auto-proxying)

2023-06-19 15:21:05,715 INFO Bean 'methodSecurityMetadataSource' of type [org.springframework.security.access.method.DelegatingMethodSecurityMetadataSource] is not eligible for getting processed by all BeanPostProcessors (for example: not eligible for auto-proxying)

2023-06-19 15:21:06,059 INFO Tomcat initialized with port(s): 8848 (http)

2023-06-19 15:21:06,073 INFO Starting service [Tomcat]

2023-06-19 15:21:06,073 INFO Starting Servlet Engine: Apache Tomcat/9.0.13

2023-06-19 15:21:06,079 INFO The APR based Apache Tomcat Native library which allows optimal performance in production environments was not found on the java.library.path: [C:\Program Files\Java\jdk1.8.0_361\bin;C:\windows\Sun\Java\bin;C:\windows\system32;C:\windows;C:\Program Files (x86)\Common Files\Oracle\Java\javapath;C:\Applications\VMware\bin\;C:\windows\system32;C:\windows;C:\windows\System32\Wbem;C:\windows\System32\WindowsPowerShell\v1.0\;C:\windows\System32\OpenSSH\;C:\Program Files (x86)\NVIDIA Corporation\PhysX\Common;C:\Program Files\NVIDIA Corporation\NVIDIA NvDLISR;C:\Program Files\Java\jdk1.8.0_361\bin;C:\Program Files\Java\jdk1.8.0_361\jre\bin;C:\Applications\Maven\apache-maven-3.8.8\bin;C:\Applications\Maven\apache-maven-3.8.8\bin;C:\Applications\Microsoft VS Code\bin;C:\Applications\NodeJs\;C:\Applications\MySQL5.7\bin;C:\Applications\Redis\;C:\Applications\Git\cmd;C:\Applications\SVN\bin;C:\Applications\Maven\apache-jmeter-5.5\lib\ext\ApacheJMeter_core.jar;C:\Applications\Maven\apache-jmeter-5.5\lib\jorphan.jar;C:\Applications\Maven\apache-jmeter-5.5\lib\logkit-2.0.jar;C:\Users\Administrator\AppData\Local\Microsoft\WindowsApps;C:\Applications\BandZip\;C:\Applications\IntelliJ IDEA 2022.2.3\bin;;C:\Users\Administrator\AppData\Roaming\npm;.]

2023-06-19 15:21:06,126 INFO Initializing Spring embedded WebApplicationContext

2023-06-19 15:21:06,126 INFO Root WebApplicationContext: initialization completed in 1394 ms

2023-06-19 15:21:07,507 INFO Use Mysql as the driver

2023-06-19 15:21:07,807 INFO Initializing ExecutorService 'applicationTaskExecutor'

2023-06-19 15:21:07,902 INFO Adding welcome page: class path resource [static/index.html]

2023-06-19 15:21:08,052 INFO Creating filter chain: Ant [pattern='/'], []

2023-06-19 15:21:08,053 INFO Creating filter chain: Ant [pattern='/**/*.css'], []

2023-06-19 15:21:08,053 INFO Creating filter chain: Ant [pattern='/**/*.js'], []

2023-06-19 15:21:08,053 INFO Creating filter chain: Ant [pattern='/**/*.html'], []

2023-06-19 15:21:08,053 INFO Creating filter chain: Ant [pattern='/**/*.map'], []

2023-06-19 15:21:08,053 INFO Creating filter chain: Ant [pattern='/**/*.svg'], []

2023-06-19 15:21:08,053 INFO Creating filter chain: Ant [pattern='/**/*.png'], []

2023-06-19 15:21:08,053 INFO Creating filter chain: Ant [pattern='/**/*.ico'], []

2023-06-19 15:21:08,053 INFO Creating filter chain: Ant [pattern='/console-fe/public/**'], []

2023-06-19 15:21:08,053 INFO Creating filter chain: Ant [pattern='/v1/auth/login'], []

2023-06-19 15:21:08,053 INFO Creating filter chain: Ant [pattern='/v1/console/health/**'], []

2023-06-19 15:21:08,053 INFO Creating filter chain: Ant [pattern='/v1/cs/**'], []

2023-06-19 15:21:08,053 INFO Creating filter chain: Ant [pattern='/v1/ns/**'], []

2023-06-19 15:21:08,053 INFO Creating filter chain: Ant [pattern='/v1/cmdb/**'], []

2023-06-19 15:21:08,053 INFO Creating filter chain: Ant [pattern='/actuator/**'], []

2023-06-19 15:21:08,053 INFO Creating filter chain: Ant [pattern='/v1/console/server/**'], []

2023-06-19 15:21:08,069 INFO Creating filter chain: any request, [org.springframework.security.web.context.request.async.WebAsyncManagerIntegrationFilter@664a9613, org.springframework.security.web.context.SecurityContextPersistenceFilter@493dfb8e, org.springframework.security.web.header.HeaderWriterFilter@593e824f, org.springframework.security.web.authentication.logout.LogoutFilter@7f69d591, com.alibaba.nacos.console.filter.JwtAuthenticationTokenFilter@5118388b, org.springframework.security.web.savedrequest.RequestCacheAwareFilter@ce5a68e, org.springframework.security.web.servletapi.SecurityContextHolderAwareRequestFilter@5df417a7, org.springframework.security.web.authentication.AnonymousAuthenticationFilter@15a902e7, org.springframework.security.web.session.SessionManagementFilter@6d8792db, org.springframework.security.web.access.ExceptionTranslationFilter@3954d008, org.springframework.security.web.access.intercept.FilterSecurityInterceptor@285d851a]

2023-06-19 15:21:08,108 INFO Exposing 2 endpoint(s) beneath base path '/actuator'

2023-06-19 15:21:08,120 INFO Initializing ExecutorService 'taskScheduler'

2023-06-19 15:21:08,164 INFO Tomcat started on port(s): 8848 (http) with context path '/nacos'

2023-06-19 15:21:08,166 INFO Started Nacos in 3.913 seconds (JVM running for 4.184)

2023-06-19 15:21:08,166 INFO Nacos Log files: C:\Applications\JavaProject\cloud2023\nacos/logs/

2023-06-19 15:21:08,166 INFO Nacos Conf files: C:\Applications\JavaProject\cloud2023\nacos/conf/

2023-06-19 15:21:08,166 INFO Nacos Data files: C:\Applications\JavaProject\cloud2023\nacos/data/

2023-06-19 15:21:08,166 INFO Nacos started successfully in stand alone mode.

2023-06-19 15:21:12,468 INFO Initializing Spring DispatcherServlet 'dispatcherServlet'

2023-06-19 15:21:12,468 INFO Initializing Servlet 'dispatcherServlet'

2023-06-19 15:21:12,472 INFO Completed initialization in 4 ms

2023-06-19 15:21:34,626 ERROR Responding with unauthorized error. Message - Full authentication is required to access this resource

2023-06-19 15:31:07,432 INFO [capacityManagement] start correct usage

2023-06-19 15:31:07,440 INFO [capacityManagement] end correct usage, cost: 0s

2023-06-19 15:31:07,510 WARN clearConfigHistory start

2023-06-19 15:41:07,449 INFO [capacityManagement] start correct usage

2023-06-19 15:41:07,449 INFO [capacityManagement] end correct usage, cost: 0s

2023-06-19 15:41:07,527 WARN clearConfigHistory start

2023-06-19 15:51:07,462 INFO [capacityManagement] start correct usage

2023-06-19 15:51:07,463 INFO [capacityManagement] end correct usage, cost: 0s

2023-06-19 15:51:07,541 WARN clearConfigHistory start

2023-06-19 16:01:07,464 INFO [capacityManagement] start correct usage

2023-06-19 16:01:07,464 INFO [capacityManagement] end correct usage, cost: 0s

2023-06-19 16:01:07,542 WARN clearConfigHistory start

2023-06-19 16:01:09,343 INFO Expired JWT token.

2023-06-19 16:01:09,343 ERROR Responding with unauthorized error. Message - Full authentication is required to access this resource

2023-06-19 16:11:07,480 INFO [capacityManagement] start correct usage

2023-06-19 16:11:07,480 INFO [capacityManagement] end correct usage, cost: 0s

2023-06-19 16:11:07,558 WARN clearConfigHistory start

2023-06-19 16:21:07,496 INFO [capacityManagement] start correct usage

2023-06-19 16:21:07,497 INFO [capacityManagement] end correct usage, cost: 0s

2023-06-19 16:21:07,573 WARN clearConfigHistory start

2023-06-19 16:31:07,503 INFO [capacityManagement] start correct usage

2023-06-19 16:31:07,503 INFO [capacityManagement] end correct usage, cost: 0s

2023-06-19 16:31:07,582 WARN clearConfigHistory start

2023-06-19 16:41:07,519 INFO [capacityManagement] start correct usage

2023-06-19 16:41:07,520 INFO [capacityManagement] end correct usage, cost: 0s

2023-06-19 16:41:07,596 WARN clearConfigHistory start

2023-06-19 16:51:07,521 INFO [capacityManagement] start correct usage

2023-06-19 16:51:07,522 INFO [capacityManagement] end correct usage, cost: 0s

2023-06-19 16:51:07,598 WARN clearConfigHistory start

2023-06-19 17:01:07,528 INFO [capacityManagement] start correct usage

2023-06-19 17:01:07,528 INFO [capacityManagement] end correct usage, cost: 0s

2023-06-19 17:01:07,606 WARN clearConfigHistory start

2023-06-19 17:11:07,537 INFO [capacityManagement] start correct usage

2023-06-19 17:11:07,538 INFO [capacityManagement] end correct usage, cost: 0s

2023-06-19 17:11:07,615 WARN clearConfigHistory start

2023-06-19 17:21:07,539 INFO [capacityManagement] start correct usage

2023-06-19 17:21:07,539 INFO [capacityManagement] end correct usage, cost: 0s

2023-06-19 17:21:07,631 WARN clearConfigHistory start

2023-06-19 17:31:07,541 INFO [capacityManagement] start correct usage

2023-06-19 17:31:07,542 INFO [capacityManagement] end correct usage, cost: 0s

2023-06-19 17:31:07,636 WARN clearConfigHistory start

2023-06-19 17:41:07,553 INFO [capacityManagement] start correct usage

2023-06-19 17:41:07,553 INFO [capacityManagement] end correct usage, cost: 0s

2023-06-19 17:41:07,645 WARN clearConfigHistory start

2023-06-19 17:51:07,567 INFO [capacityManagement] start correct usage

2023-06-19 17:51:07,568 INFO [capacityManagement] end correct usage, cost: 0s

2023-06-19 17:51:07,660 WARN clearConfigHistory start

2023-06-19 18:01:07,579 INFO [capacityManagement] start correct usage

2023-06-19 18:01:07,581 INFO [capacityManagement] end correct usage, cost: 0s

2023-06-19 18:01:07,673 WARN clearConfigHistory start

2023-06-19 18:11:05,817 INFO [capacityManagement] start correct usage

2023-06-19 18:11:05,818 INFO [capacityManagement] end correct usage, cost: 0s

2023-06-19 18:11:05,910 WARN clearConfigHistory start

2023-06-19 18:21:05,829 INFO [capacityManagement] start correct usage

2023-06-19 18:21:05,830 INFO [capacityManagement] end correct usage, cost: 0s

2023-06-19 18:21:05,923 WARN clearConfigHistory start

2023-06-19 18:31:05,830 INFO [capacityManagement] start correct usage

2023-06-19 18:31:05,832 INFO [capacityManagement] end correct usage, cost: 0s

2023-06-19 18:31:05,939 WARN clearConfigHistory start

2023-06-19 18:41:05,841 INFO [capacityManagement] start correct usage

2023-06-19 18:41:05,842 INFO [capacityManagement] end correct usage, cost: 0s

2023-06-19 18:41:05,949 WARN clearConfigHistory start

2023-06-19 18:51:05,852 INFO [capacityManagement] start correct usage

2023-06-19 18:51:05,853 INFO [capacityManagement] end correct usage, cost: 0s

2023-06-19 18:51:05,962 WARN clearConfigHistory start

2023-06-19 19:01:05,860 INFO [capacityManagement] start correct usage

2023-06-19 19:01:05,861 INFO [capacityManagement] end correct usage, cost: 0s

2023-06-19 19:01:05,970 WARN clearConfigHistory start

2023-06-19 19:11:05,873 INFO [capacityManagement] start correct usage

2023-06-19 19:11:05,873 INFO [capacityManagement] end correct usage, cost: 0s

2023-06-19 19:11:05,981 WARN clearConfigHistory start

2023-06-19 19:21:05,885 INFO [capacityManagement] start correct usage

2023-06-19 19:21:05,886 INFO [capacityManagement] end correct usage, cost: 0s

2023-06-19 19:21:05,994 WARN clearConfigHistory start

2023-06-19 19:31:05,900 INFO [capacityManagement] start correct usage

2023-06-19 19:31:05,901 INFO [capacityManagement] end correct usage, cost: 0s

2023-06-19 19:31:06,009 WARN clearConfigHistory start

2023-06-19 19:41:05,903 INFO [capacityManagement] start correct usage

2023-06-19 19:41:05,904 INFO [capacityManagement] end correct usage, cost: 0s

2023-06-19 19:41:06,011 WARN clearConfigHistory start

2023-06-19 19:51:05,905 INFO [capacityManagement] start correct usage

2023-06-19 19:51:05,905 INFO [capacityManagement] end correct usage, cost: 0s

2023-06-19 19:51:06,014 WARN clearConfigHistory start

2023-06-19 20:01:05,913 INFO [capacityManagement] start correct usage

2023-06-19 20:01:05,914 INFO [capacityManagement] end correct usage, cost: 0s

2023-06-19 20:01:06,022 WARN clearConfigHistory start

2023-06-19 20:11:05,917 INFO [capacityManagement] start correct usage

2023-06-19 20:11:05,918 INFO [capacityManagement] end correct usage, cost: 0s

2023-06-19 20:11:06,027 WARN clearConfigHistory start

2023-06-19 20:18:11,316 INFO Shutting down ExecutorService 'taskScheduler'

2023-06-19 20:18:11,319 INFO Shutting down ExecutorService 'applicationTaskExecutor'

