2023-06-19 15:21:37,516 INFO PERFORMANCE:|0|0|-1|-1

2023-06-19 15:26:37,521 INFO PERFORMANCE:|0|0|-1|-1

2023-06-19 15:31:37,527 INFO PERFORMANCE:|0|0|-1|-1

2023-06-19 15:36:37,533 INFO PERFORMANCE:|1|1|-1|-1

2023-06-19 15:41:37,542 INFO PERFORMANCE:|1|2|-1|-1

2023-06-19 15:46:37,548 INFO PERFORMANCE:|1|2|-1|-1

2023-06-19 15:51:37,550 INFO PERFORMANCE:|1|2|-1|-1

2023-06-19 15:56:37,557 INFO PERFORMANCE:|1|2|-1|-1

2023-06-19 16:01:37,566 INFO PERFORMANCE:|2|3|-1|-1

2023-06-19 16:06:37,571 INFO PERFORMANCE:|2|3|-1|-1

2023-06-19 16:11:37,572 INFO PERFORMANCE:|2|3|-1|-1

2023-06-19 16:16:37,583 INFO PERFORMANCE:|2|3|-1|-1

2023-06-19 16:21:37,585 INFO PERFORMANCE:|2|3|-1|-1

2023-06-19 16:26:37,588 INFO PERFORMANCE:|2|3|-1|-1

2023-06-19 16:31:37,599 INFO PERFORMANCE:|2|3|-1|-1

2023-06-19 16:36:37,603 INFO PERFORMANCE:|2|3|-1|-1

2023-06-19 16:41:37,612 INFO PERFORMANCE:|2|0|-1|-1

2023-06-19 16:46:37,618 INFO PERFORMANCE:|2|0|-1|-1

2023-06-19 16:51:37,631 INFO PERFORMANCE:|2|0|-1|-1

2023-06-19 16:56:37,646 INFO PERFORMANCE:|2|0|-1|-1

2023-06-19 17:01:37,651 INFO PERFORMANCE:|2|0|-1|-1

2023-06-19 17:06:37,652 INFO PERFORMANCE:|2|0|-1|-1

2023-06-19 17:11:37,665 INFO PERFORMANCE:|3|1|-1|-1

2023-06-19 17:16:37,673 INFO PERFORMANCE:|3|1|-1|-1

2023-06-19 17:21:37,687 INFO PERFORMANCE:|3|1|-1|-1

2023-06-19 17:26:37,699 INFO PERFORMANCE:|3|1|-1|-1

2023-06-19 17:31:37,710 INFO PERFORMANCE:|3|1|-1|-1

2023-06-19 17:36:37,716 INFO PERFORMANCE:|3|0|-1|-1

2023-06-19 17:41:37,719 INFO PERFORMANCE:|3|0|-1|-1

2023-06-19 17:46:37,730 INFO PERFORMANCE:|3|0|-1|-1

2023-06-19 17:51:37,735 INFO PERFORMANCE:|3|0|-1|-1

2023-06-19 17:56:37,747 INFO PERFORMANCE:|3|0|-1|-1

2023-06-19 18:01:37,749 INFO PERFORMANCE:|3|0|-1|-1

2023-06-19 18:06:35,976 INFO PERFORMANCE:|3|0|-1|-1

2023-06-19 18:11:35,983 INFO PERFORMANCE:|3|0|-1|-1

2023-06-19 18:16:35,989 INFO PERFORMANCE:|3|0|-1|-1

2023-06-19 18:21:35,997 INFO PERFORMANCE:|3|0|-1|-1

2023-06-19 18:26:36,007 INFO PERFORMANCE:|3|0|-1|-1

2023-06-19 18:31:36,012 INFO PERFORMANCE:|3|0|-1|-1

2023-06-19 18:36:36,017 INFO PERFORMANCE:|3|0|-1|-1

2023-06-19 18:41:36,025 INFO PERFORMANCE:|3|0|-1|-1

2023-06-19 18:46:36,033 INFO PERFORMANCE:|3|0|-1|-1

2023-06-19 18:51:36,043 INFO PERFORMANCE:|3|0|-1|-1

2023-06-19 18:56:36,045 INFO PERFORMANCE:|3|0|-1|-1

2023-06-19 19:01:36,045 INFO PERFORMANCE:|3|0|-1|-1

2023-06-19 19:06:36,047 INFO PERFORMANCE:|3|0|-1|-1

2023-06-19 19:11:36,051 INFO PERFORMANCE:|3|0|-1|-1

2023-06-19 19:16:36,063 INFO PERFORMANCE:|3|0|-1|-1

2023-06-19 19:21:36,068 INFO PERFORMANCE:|3|0|-1|-1

2023-06-19 19:26:36,072 INFO PERFORMANCE:|3|0|-1|-1

2023-06-19 19:31:36,079 INFO PERFORMANCE:|3|0|-1|-1

2023-06-19 19:36:36,093 INFO PERFORMANCE:|3|0|-1|-1

2023-06-19 19:41:36,101 INFO PERFORMANCE:|3|0|-1|-1

2023-06-19 19:46:36,114 INFO PERFORMANCE:|3|0|-1|-1

2023-06-19 19:51:36,114 INFO PERFORMANCE:|3|0|-1|-1

2023-06-19 19:56:36,126 INFO PERFORMANCE:|3|0|-1|-1

2023-06-19 20:01:36,135 INFO PERFORMANCE:|3|0|-1|-1

2023-06-19 20:06:36,137 INFO PERFORMANCE:|3|0|-1|-1

2023-06-19 20:11:36,142 INFO PERFORMANCE:|3|0|-1|-1

2023-06-19 20:16:36,149 INFO PERFORMANCE:|3|0|-1|-1

